[2023-05-04T14:17:32.119] [WARN] default - No hay usuario logeado
[2023-05-04T14:17:32.243] [WARN] default - Ruta: /favicon.ico, metodo: GET no implemantada
[2023-05-04T14:17:48.318] [WARN] default - Ruta: /sumar, metodo: GET no implemantada
[2023-05-04T14:17:48.639] [WARN] default - Ruta: /favicon.ico, metodo: GET no implemantada
[2023-05-04T14:21:03.363] [WARN] default - Ruta: /restar, metodo: GET no implemantada
[2023-05-04T14:21:03.995] [WARN] default - Ruta: /favicon.ico, metodo: GET no implemantada
[2023-05-04T14:21:21.399] [WARN] default - Ruta: /desafio%203, metodo: GET no implemantada
[2023-05-04T14:21:21.746] [WARN] default - Ruta: /favicon.ico, metodo: GET no implemantada
[2023-05-04T14:22:22.090] [WARN] default - No hay usuario logeado
[2023-05-04T14:22:22.154] [WARN] default - Ruta: /favicon.ico, metodo: GET no implemantada
[2023-05-04T14:28:11.385] [WARN] default - No hay usuario logeado
[2023-05-04T14:28:11.517] [WARN] default - Ruta: /favicon.ico, metodo: GET no implemantada
[2023-05-04T14:30:57.038] [WARN] default - Ruta: /xxx, metodo: GET no implemantada
[2023-05-04T14:31:34.762] [WARN] default - No hay usuario logeado
[2023-05-04T14:31:34.857] [WARN] default - Ruta: /xxx, metodo: GET no implemantada
[2023-05-04T14:31:34.862] [WARN] default - Ruta: /favicon.ico, metodo: GET no implemantada
[2023-05-04T14:31:55.814] [WARN] default - Ruta: /favicon.ico, metodo: GET no implemantada
[2023-05-04T16:31:13.155] [WARN] default - Ruta: /xxx, metodo: GET no implemantada
[2023-05-04T16:31:13.285] [WARN] default - Ruta: /favicon.ico, metodo: GET no implemantada
[2023-05-04T16:31:33.950] [WARN] default - No hay usuario logeado
[2023-05-04T16:31:34.002] [WARN] default - Ruta: /favicon.ico, metodo: GET no implemantada
[2023-05-04T16:31:34.050] [WARN] default - Ruta: /xxx, metodo: GET no implemantada
[2023-05-04T17:34:53.362] [WARN] default - No hay usuario logeado
[2023-05-04T17:34:53.489] [WARN] default - Ruta: /xxx, metodo: GET no implemantada
[2023-05-04T17:34:53.507] [WARN] default - Ruta: /favicon.ico, metodo: GET no implemantada
